{
  "stats": {
    "suites": 1,
    "tests": 18,
    "passes": 0,
    "pending": 0,
    "failures": 18,
    "start": "2022-08-04T13:55:46.624Z",
    "end": "2022-08-04T13:55:58.681Z",
    "duration": 12057,
    "testsRegistered": 18,
    "passPercent": 0,
    "pendingPercent": 0,
    "other": 0,
    "hasOther": false,
    "skipped": 0,
    "hasSkipped": false
  },
  "results": [
    {
      "uuid": "861737b0-51f1-4d23-a160-a2ba0783c4ef",
      "title": "",
      "fullFile": "C:\\Users\\HP\\Desktop\\Dufuna-CodeCamp-21\\tests\\landing_page\\landing_page.js",
      "file": "\\landing_page.js",
      "beforeHooks": [],
      "afterHooks": [],
      "tests": [],
      "suites": [
        {
          "uuid": "7d44e150-eeb5-43fd-b71f-a0e9d1750ae7",
          "title": "Testing Scholars Project",
          "fullFile": "C:\\Users\\HP\\Desktop\\Dufuna-CodeCamp-21\\tests\\landing_page\\landing_page.js",
          "file": "\\landing_page.js",
          "beforeHooks": [
            {
              "title": "\"before all\" hook: setupWebdriver in \"Testing Scholars Project\"",
              "fullTitle": "Testing Scholars Project \"before all\" hook: setupWebdriver in \"Testing Scholars Project\"",
              "timedOut": false,
              "duration": 11110,
              "state": null,
              "speed": null,
              "pass": false,
              "fail": false,
              "pending": false,
              "context": null,
              "code": "var file_url = `file://${file_path}`;\ndriver.get(file_url).then(done);",
              "err": {},
              "uuid": "4dd2f484-bd7c-4adb-b02d-243d37613c43",
              "parentUUID": "7d44e150-eeb5-43fd-b71f-a0e9d1750ae7",
              "isHook": true,
              "skipped": false
            }
          ],
          "afterHooks": [
            {
              "title": "\"after all\" hook in \"Testing Scholars Project\"",
              "fullTitle": "Testing Scholars Project \"after all\" hook in \"Testing Scholars Project\"",
              "timedOut": false,
              "duration": 2,
              "state": null,
              "speed": null,
              "pass": false,
              "fail": false,
              "pending": false,
              "context": null,
              "code": "driver.quit();",
              "err": {},
              "uuid": "3079a3ad-6c98-4e26-9906-c52004644d7f",
              "parentUUID": "7d44e150-eeb5-43fd-b71f-a0e9d1750ae7",
              "isHook": true,
              "skipped": false
            }
          ],
          "tests": [
            {
              "title": "test case: FoodBag Logo is present",
              "fullTitle": "Testing Scholars Project test case: FoodBag Logo is present",
              "timedOut": false,
              "duration": 168,
              "state": "failed",
              "speed": null,
              "pass": false,
              "fail": true,
              "pending": false,
              "context": null,
              "code": "const name = await driver.findElement(By.css(\"body\"));\nconst text = await name.getText();\nassert.include(text, \"Food\", `Ensure \"food bag\" text is present on header`);",
              "err": {
                "message": "AssertionError: Ensure \"food bag\" text is present on header: expected 'Your file couldn’t be accessed\\nIt ma…' to include 'Food'",
                "estack": "AssertionError: Ensure \"food bag\" text is present on header: expected 'Your file couldn’t be accessed\\nIt ma…' to include 'Food'\n    at Context.<anonymous> (landing_page.js:24:20)\n    at processTicksAndRejections (internal/process/task_queues.js:93:5)",
                "diff": null
              },
              "uuid": "ab9039b7-8328-4642-adf9-fc64b15f359d",
              "parentUUID": "7d44e150-eeb5-43fd-b71f-a0e9d1750ae7",
              "isHook": false,
              "skipped": false
            },
            {
              "title": "test case: FoodBag Logo is present",
              "fullTitle": "Testing Scholars Project test case: FoodBag Logo is present",
              "timedOut": false,
              "duration": 57,
              "state": "failed",
              "speed": null,
              "pass": false,
              "fail": true,
              "pending": false,
              "context": null,
              "code": "const name = await driver.findElement(By.css(\"body\"));\nconst text = await name.getText();\nassert.include(text, \"Bag\", `Ensure \"food bag\" text is present on header`);",
              "err": {
                "message": "AssertionError: Ensure \"food bag\" text is present on header: expected 'Your file couldn’t be accessed\\nIt ma…' to include 'Bag'",
                "estack": "AssertionError: Ensure \"food bag\" text is present on header: expected 'Your file couldn’t be accessed\\nIt ma…' to include 'Bag'\n    at Context.<anonymous> (landing_page.js:30:20)\n    at processTicksAndRejections (internal/process/task_queues.js:93:5)",
                "diff": null
              },
              "uuid": "44711d93-c587-4ae6-b8b9-6da86fced69d",
              "parentUUID": "7d44e150-eeb5-43fd-b71f-a0e9d1750ae7",
              "isHook": false,
              "skipped": false
            },
            {
              "title": "test case: FoodBag text is present on the page",
              "fullTitle": "Testing Scholars Project test case: FoodBag text is present on the page",
              "timedOut": false,
              "duration": 43,
              "state": "failed",
              "speed": null,
              "pass": false,
              "fail": true,
              "pending": false,
              "context": null,
              "code": "const name = await driver.findElement(By.css(\"body\"));\nconst text = await name.getText();\nassert.include(text, \"FoodBag\", `Ensure \"FoodBag\" text is present`);",
              "err": {
                "message": "AssertionError: Ensure \"FoodBag\" text is present: expected 'Your file couldn’t be accessed\\nIt ma…' to include 'FoodBag'",
                "estack": "AssertionError: Ensure \"FoodBag\" text is present: expected 'Your file couldn’t be accessed\\nIt ma…' to include 'FoodBag'\n    at Context.<anonymous> (landing_page.js:36:20)\n    at processTicksAndRejections (internal/process/task_queues.js:93:5)",
                "diff": null
              },
              "uuid": "d4428684-6f02-42eb-a912-b4701dbc26b1",
              "parentUUID": "7d44e150-eeb5-43fd-b71f-a0e9d1750ae7",
              "isHook": false,
              "skipped": false
            },
            {
              "title": "test case: check Login",
              "fullTitle": "Testing Scholars Project test case: check Login",
              "timedOut": false,
              "duration": 50,
              "state": "failed",
              "speed": null,
              "pass": false,
              "fail": true,
              "pending": false,
              "context": null,
              "code": "const element = await driver.findElement(By.css(\"body\"))\nconst text = await element.getText();\nassert.include(text, \"Login\", \"Ensure the `Login` link is present on the header\");",
              "err": {
                "message": "AssertionError: Ensure the `Login` link is present on the header: expected 'Your file couldn’t be accessed\\nIt ma…' to include 'Login'",
                "estack": "AssertionError: Ensure the `Login` link is present on the header: expected 'Your file couldn’t be accessed\\nIt ma…' to include 'Login'\n    at Context.<anonymous> (landing_page.js:43:20)\n    at processTicksAndRejections (internal/process/task_queues.js:93:5)",
                "diff": null
              },
              "uuid": "28d28641-f9d4-4cab-9bdd-84e70cbab6f7",
              "parentUUID": "7d44e150-eeb5-43fd-b71f-a0e9d1750ae7",
              "isHook": false,
              "skipped": false
            },
            {
              "title": "test case: check Cart",
              "fullTitle": "Testing Scholars Project test case: check Cart",
              "timedOut": false,
              "duration": 42,
              "state": "failed",
              "speed": null,
              "pass": false,
              "fail": true,
              "pending": false,
              "context": null,
              "code": "const element = await driver.findElement(By.css(\"body\"))\nconst text = await element.getText();\nassert.include(text, \"Cart\", \"Ensure the `Cart` link is present on the header\");",
              "err": {
                "message": "AssertionError: Ensure the `Cart` link is present on the header: expected 'Your file couldn’t be accessed\\nIt ma…' to include 'Cart'",
                "estack": "AssertionError: Ensure the `Cart` link is present on the header: expected 'Your file couldn’t be accessed\\nIt ma…' to include 'Cart'\n    at Context.<anonymous> (landing_page.js:49:20)\n    at processTicksAndRejections (internal/process/task_queues.js:93:5)",
                "diff": null
              },
              "uuid": "2ecc8695-6792-4ed0-97d2-031b35afa004",
              "parentUUID": "7d44e150-eeb5-43fd-b71f-a0e9d1750ae7",
              "isHook": false,
              "skipped": false
            },
            {
              "title": "test case: check Sign up",
              "fullTitle": "Testing Scholars Project test case: check Sign up",
              "timedOut": false,
              "duration": 48,
              "state": "failed",
              "speed": null,
              "pass": false,
              "fail": true,
              "pending": false,
              "context": null,
              "code": "const element = await driver.findElement(By.css(\"body\"))\nconst text = await element.getText();\nassert.include(text, \"Sign up\", \"Ensure the `Sign up` link is present on the header\");",
              "err": {
                "message": "AssertionError: Ensure the `Sign up` link is present on the header: expected 'Your file couldn’t be accessed\\nIt ma…' to include 'Sign up'",
                "estack": "AssertionError: Ensure the `Sign up` link is present on the header: expected 'Your file couldn’t be accessed\\nIt ma…' to include 'Sign up'\n    at Context.<anonymous> (landing_page.js:55:20)\n    at processTicksAndRejections (internal/process/task_queues.js:93:5)",
                "diff": null
              },
              "uuid": "71fc67be-80fa-42c6-be66-3f0f497ac99f",
              "parentUUID": "7d44e150-eeb5-43fd-b71f-a0e9d1750ae7",
              "isHook": false,
              "skipped": false
            },
            {
              "title": "test case: check service-descrption1",
              "fullTitle": "Testing Scholars Project test case: check service-descrption1",
              "timedOut": false,
              "duration": 38,
              "state": "failed",
              "speed": null,
              "pass": false,
              "fail": true,
              "pending": false,
              "context": null,
              "code": "const element = await driver.findElement(By.css(\"body\"))\nconst text = await element.getText();\nassert.include(text, \"Pick an interest\", \"Ensure Quantity label is present\");",
              "err": {
                "message": "AssertionError: Ensure Quantity label is present: expected 'Your file couldn’t be accessed\\nIt ma…' to include 'Pick an interest'",
                "estack": "AssertionError: Ensure Quantity label is present: expected 'Your file couldn’t be accessed\\nIt ma…' to include 'Pick an interest'\n    at Context.<anonymous> (landing_page.js:61:20)\n    at processTicksAndRejections (internal/process/task_queues.js:93:5)",
                "diff": null
              },
              "uuid": "7723cfb5-d122-495d-bdff-6fca0063a95b",
              "parentUUID": "7d44e150-eeb5-43fd-b71f-a0e9d1750ae7",
              "isHook": false,
              "skipped": false
            },
            {
              "title": "test case: check service-description2",
              "fullTitle": "Testing Scholars Project test case: check service-description2",
              "timedOut": false,
              "duration": 39,
              "state": "failed",
              "speed": null,
              "pass": false,
              "fail": true,
              "pending": false,
              "context": null,
              "code": "const element = await driver.findElement(By.css(\"body\"))\nconst text = await element.getText();\nassert.include(text, \"How we serve you\", \"Ensure you have the appropriate text for the service\");",
              "err": {
                "message": "AssertionError: Ensure you have the appropriate text for the service: expected 'Your file couldn’t be accessed\\nIt ma…' to include 'How we serve you'",
                "estack": "AssertionError: Ensure you have the appropriate text for the service: expected 'Your file couldn’t be accessed\\nIt ma…' to include 'How we serve you'\n    at Context.<anonymous> (landing_page.js:67:20)\n    at processTicksAndRejections (internal/process/task_queues.js:93:5)",
                "diff": null
              },
              "uuid": "764f515d-cb0b-470d-a981-31d424eb8741",
              "parentUUID": "7d44e150-eeb5-43fd-b71f-a0e9d1750ae7",
              "isHook": false,
              "skipped": false
            },
            {
              "title": "test case: check service title-1",
              "fullTitle": "Testing Scholars Project test case: check service title-1",
              "timedOut": false,
              "duration": 39,
              "state": "failed",
              "speed": null,
              "pass": false,
              "fail": true,
              "pending": false,
              "context": null,
              "code": "const element = await driver.findElement(By.css(\"body\"))\nconst text = await element.getText();\nassert.include(text, \"Tell us where you are\", \"Ensure you have the appropriate text for the service\");",
              "err": {
                "message": "AssertionError: Ensure you have the appropriate text for the service: expected 'Your file couldn’t be accessed\\nIt ma…' to include 'Tell us where you are'",
                "estack": "AssertionError: Ensure you have the appropriate text for the service: expected 'Your file couldn’t be accessed\\nIt ma…' to include 'Tell us where you are'\n    at Context.<anonymous> (landing_page.js:73:20)\n    at processTicksAndRejections (internal/process/task_queues.js:93:5)",
                "diff": null
              },
              "uuid": "07221e3f-6158-4a88-b919-c291a948ab4b",
              "parentUUID": "7d44e150-eeb5-43fd-b71f-a0e9d1750ae7",
              "isHook": false,
              "skipped": false
            },
            {
              "title": "test case: check service-title-2",
              "fullTitle": "Testing Scholars Project test case: check service-title-2",
              "timedOut": false,
              "duration": 44,
              "state": "failed",
              "speed": null,
              "pass": false,
              "fail": true,
              "pending": false,
              "context": null,
              "code": "const element = await driver.findElement(By.css(\"body\"))\nconst text = await element.getText();\nassert.include(text, \"Tell us what you want\", \"Ensure you have the appropriate text for the service\");",
              "err": {
                "message": "AssertionError: Ensure you have the appropriate text for the service: expected 'Your file couldn’t be accessed\\nIt ma…' to include 'Tell us what you want'",
                "estack": "AssertionError: Ensure you have the appropriate text for the service: expected 'Your file couldn’t be accessed\\nIt ma…' to include 'Tell us what you want'\n    at Context.<anonymous> (landing_page.js:79:20)\n    at processTicksAndRejections (internal/process/task_queues.js:93:5)",
                "diff": null
              },
              "uuid": "b302fbe1-a293-4674-9a5d-63534c910d44",
              "parentUUID": "7d44e150-eeb5-43fd-b71f-a0e9d1750ae7",
              "isHook": false,
              "skipped": false
            },
            {
              "title": "test case: check service-title-3",
              "fullTitle": "Testing Scholars Project test case: check service-title-3",
              "timedOut": false,
              "duration": 49,
              "state": "failed",
              "speed": null,
              "pass": false,
              "fail": true,
              "pending": false,
              "context": null,
              "code": "const element = await driver.findElement(By.css(\"body\"))\nconst text = await element.getText();\nassert.include(text, \"We'll come running\", \"Ensure you have the appropriate text for the service\");",
              "err": {
                "message": "AssertionError: Ensure you have the appropriate text for the service: expected 'Your file couldn’t be accessed\\nIt ma…' to include 'We\\'ll come running'",
                "estack": "AssertionError: Ensure you have the appropriate text for the service: expected 'Your file couldn’t be accessed\\nIt ma…' to include 'We\\'ll come running'\n    at Context.<anonymous> (landing_page.js:85:20)\n    at processTicksAndRejections (internal/process/task_queues.js:93:5)",
                "diff": null
              },
              "uuid": "a69deeb7-61e5-49fb-8c2d-30a27893fe1e",
              "parentUUID": "7d44e150-eeb5-43fd-b71f-a0e9d1750ae7",
              "isHook": false,
              "skipped": false
            },
            {
              "title": "test case: check footer",
              "fullTitle": "Testing Scholars Project test case: check footer",
              "timedOut": false,
              "duration": 26,
              "state": "failed",
              "speed": null,
              "pass": false,
              "fail": true,
              "pending": false,
              "context": null,
              "code": "const element = await driver.findElement(By.css(\"footer\"))\nconst text = await element.getText();\nassert.include(text, \"Contact us\", \"Ensure you have the appropriate text as seen on the mock-up\");",
              "err": {
                "message": "NoSuchElementError: no such element: Unable to locate element: {\"method\":\"css selector\",\"selector\":\"footer\"}\n  (Session info: chrome=103.0.5060.134)",
                "estack": "NoSuchElementError: no such element: Unable to locate element: {\"method\":\"css selector\",\"selector\":\"footer\"}\n  (Session info: chrome=103.0.5060.134)\n    at Object.throwDecodedError (C:\\Users\\HP\\Desktop\\Dufuna-CodeCamp-21\\node_modules\\selenium-webdriver\\lib\\error.js:522:15)\n    at parseHttpResponse (C:\\Users\\HP\\Desktop\\Dufuna-CodeCamp-21\\node_modules\\selenium-webdriver\\lib\\http.js:589:13)\n    at Executor.execute (C:\\Users\\HP\\Desktop\\Dufuna-CodeCamp-21\\node_modules\\selenium-webdriver\\lib\\http.js:514:28)\n    at processTicksAndRejections (internal/process/task_queues.js:93:5)\n    at async thenableWebDriverProxy.execute (C:\\Users\\HP\\Desktop\\Dufuna-CodeCamp-21\\node_modules\\selenium-webdriver\\lib\\webdriver.js:740:17)\n    at async Context.<anonymous> (landing_page.js:89:29)",
                "diff": null
              },
              "uuid": "edc49bd3-102a-4f29-bf03-9e00e062f39f",
              "parentUUID": "7d44e150-eeb5-43fd-b71f-a0e9d1750ae7",
              "isHook": false,
              "skipped": false
            },
            {
              "title": "test case: check terms & conditions on footer",
              "fullTitle": "Testing Scholars Project test case: check terms & conditions on footer",
              "timedOut": false,
              "duration": 17,
              "state": "failed",
              "speed": null,
              "pass": false,
              "fail": true,
              "pending": false,
              "context": null,
              "code": "const element = await driver.findElement(By.css(\"footer\"))\nconst text = await element.getText();\nassert.include(text, \"Terms & Conditions . Privacy Policy\", \"Ensure the texts on the footer is properly formated\");",
              "err": {
                "message": "NoSuchElementError: no such element: Unable to locate element: {\"method\":\"css selector\",\"selector\":\"footer\"}\n  (Session info: chrome=103.0.5060.134)",
                "estack": "NoSuchElementError: no such element: Unable to locate element: {\"method\":\"css selector\",\"selector\":\"footer\"}\n  (Session info: chrome=103.0.5060.134)\n    at Object.throwDecodedError (C:\\Users\\HP\\Desktop\\Dufuna-CodeCamp-21\\node_modules\\selenium-webdriver\\lib\\error.js:522:15)\n    at parseHttpResponse (C:\\Users\\HP\\Desktop\\Dufuna-CodeCamp-21\\node_modules\\selenium-webdriver\\lib\\http.js:589:13)\n    at Executor.execute (C:\\Users\\HP\\Desktop\\Dufuna-CodeCamp-21\\node_modules\\selenium-webdriver\\lib\\http.js:514:28)\n    at processTicksAndRejections (internal/process/task_queues.js:93:5)\n    at async thenableWebDriverProxy.execute (C:\\Users\\HP\\Desktop\\Dufuna-CodeCamp-21\\node_modules\\selenium-webdriver\\lib\\webdriver.js:740:17)\n    at async Context.<anonymous> (landing_page.js:95:29)",
                "diff": null
              },
              "uuid": "0d3942ac-6df3-4362-b87f-a204bb99da3b",
              "parentUUID": "7d44e150-eeb5-43fd-b71f-a0e9d1750ae7",
              "isHook": false,
              "skipped": false
            },
            {
              "title": "test case: check copyright on footer",
              "fullTitle": "Testing Scholars Project test case: check copyright on footer",
              "timedOut": false,
              "duration": 17,
              "state": "failed",
              "speed": null,
              "pass": false,
              "fail": true,
              "pending": false,
              "context": null,
              "code": "const element = await driver.findElement(By.css(\"footer\"))\nconst text = await element.getText();\nassert.include(text, \"Copyright 2021 FoodBag is a registered trademark\", \"Ensure you have the appropriate text as seen on the mock-up\");",
              "err": {
                "message": "NoSuchElementError: no such element: Unable to locate element: {\"method\":\"css selector\",\"selector\":\"footer\"}\n  (Session info: chrome=103.0.5060.134)",
                "estack": "NoSuchElementError: no such element: Unable to locate element: {\"method\":\"css selector\",\"selector\":\"footer\"}\n  (Session info: chrome=103.0.5060.134)\n    at Object.throwDecodedError (C:\\Users\\HP\\Desktop\\Dufuna-CodeCamp-21\\node_modules\\selenium-webdriver\\lib\\error.js:522:15)\n    at parseHttpResponse (C:\\Users\\HP\\Desktop\\Dufuna-CodeCamp-21\\node_modules\\selenium-webdriver\\lib\\http.js:589:13)\n    at Executor.execute (C:\\Users\\HP\\Desktop\\Dufuna-CodeCamp-21\\node_modules\\selenium-webdriver\\lib\\http.js:514:28)\n    at processTicksAndRejections (internal/process/task_queues.js:93:5)\n    at async thenableWebDriverProxy.execute (C:\\Users\\HP\\Desktop\\Dufuna-CodeCamp-21\\node_modules\\selenium-webdriver\\lib\\webdriver.js:740:17)\n    at async Context.<anonymous> (landing_page.js:101:29)",
                "diff": null
              },
              "uuid": "735920f0-3fa2-4fdb-a0e9-8a0a3f38fa96",
              "parentUUID": "7d44e150-eeb5-43fd-b71f-a0e9d1750ae7",
              "isHook": false,
              "skipped": false
            },
            {
              "title": "test case: check input field",
              "fullTitle": "Testing Scholars Project test case: check input field",
              "timedOut": false,
              "duration": 35,
              "state": "failed",
              "speed": null,
              "pass": false,
              "fail": true,
              "pending": false,
              "context": null,
              "code": "const input = await driver.findElements(By.css('input'));\nconst size = input.length\nassert.equal(size, 1, `Ensure you have the input field as seen in the mock-up`);",
              "err": {
                "message": "AssertionError: Ensure you have the input field as seen in the mock-up: expected +0 to equal 1",
                "estack": "AssertionError: Ensure you have the input field as seen in the mock-up: expected +0 to equal 1\n    at Context.<anonymous> (landing_page.js:109:20)\n    at processTicksAndRejections (internal/process/task_queues.js:93:5)",
                "diff": "- 0\n+ 1\n"
              },
              "uuid": "adab2737-5bb6-4785-8cc2-9af6ad864809",
              "parentUUID": "7d44e150-eeb5-43fd-b71f-a0e9d1750ae7",
              "isHook": false,
              "skipped": false
            },
            {
              "title": "test case: check placeholder",
              "fullTitle": "Testing Scholars Project test case: check placeholder",
              "timedOut": false,
              "duration": 28,
              "state": "failed",
              "speed": null,
              "pass": false,
              "fail": true,
              "pending": false,
              "context": null,
              "code": "const element = await driver.findElement(By.css('input')).getAttribute('placeholder');\nassert.equal(element, \"Enter your delivery address\", `Ensure you have the placeholder as seen in the mock-up`);",
              "err": {
                "message": "NoSuchElementError: no such element: Unable to locate element: {\"method\":\"css selector\",\"selector\":\"input\"}\n  (Session info: chrome=103.0.5060.134)",
                "estack": "NoSuchElementError: no such element: Unable to locate element: {\"method\":\"css selector\",\"selector\":\"input\"}\n  (Session info: chrome=103.0.5060.134)\n    at Object.throwDecodedError (C:\\Users\\HP\\Desktop\\Dufuna-CodeCamp-21\\node_modules\\selenium-webdriver\\lib\\error.js:522:15)\n    at parseHttpResponse (C:\\Users\\HP\\Desktop\\Dufuna-CodeCamp-21\\node_modules\\selenium-webdriver\\lib\\http.js:589:13)\n    at Executor.execute (C:\\Users\\HP\\Desktop\\Dufuna-CodeCamp-21\\node_modules\\selenium-webdriver\\lib\\http.js:514:28)\n    at processTicksAndRejections (internal/process/task_queues.js:93:5)\n    at async thenableWebDriverProxy.execute (C:\\Users\\HP\\Desktop\\Dufuna-CodeCamp-21\\node_modules\\selenium-webdriver\\lib\\webdriver.js:740:17)\n    at async toWireValue (C:\\Users\\HP\\Desktop\\Dufuna-CodeCamp-21\\node_modules\\selenium-webdriver\\lib\\webdriver.js:141:15)\n    at async C:\\Users\\HP\\Desktop\\Dufuna-CodeCamp-21\\node_modules\\selenium-webdriver\\lib\\webdriver.js:191:16\n    at async forEachKey (C:\\Users\\HP\\Desktop\\Dufuna-CodeCamp-21\\node_modules\\selenium-webdriver\\lib\\webdriver.js:185:9)\n    at async convertKeys (C:\\Users\\HP\\Desktop\\Dufuna-CodeCamp-21\\node_modules\\selenium-webdriver\\lib\\webdriver.js:190:3)\n    at async thenableWebDriverProxy.execute (C:\\Users\\HP\\Desktop\\Dufuna-CodeCamp-21\\node_modules\\selenium-webdriver\\lib\\webdriver.js:738:22)\n    at async Context.<anonymous> (landing_page.js:113:29)",
                "diff": null
              },
              "uuid": "fe9a6ad8-3d07-4e22-9c9e-3b51f3801967",
              "parentUUID": "7d44e150-eeb5-43fd-b71f-a0e9d1750ae7",
              "isHook": false,
              "skipped": false
            },
            {
              "title": "test case: check label of input-field",
              "fullTitle": "Testing Scholars Project test case: check label of input-field",
              "timedOut": false,
              "duration": 45,
              "state": "failed",
              "speed": null,
              "pass": false,
              "fail": true,
              "pending": false,
              "context": null,
              "code": "const element = await driver.findElement(By.css('body')).getText();\nassert.include(element, \"Where are you?\", `Ensure you have the input field as the appropriate label as seen in the mock-up`);",
              "err": {
                "message": "AssertionError: Ensure you have the input field as the appropriate label as seen in the mock-up: expected 'Your file couldn’t be accessed\\nIt ma…' to include 'Where are you?'",
                "estack": "AssertionError: Ensure you have the input field as the appropriate label as seen in the mock-up: expected 'Your file couldn’t be accessed\\nIt ma…' to include 'Where are you?'\n    at Context.<anonymous> (landing_page.js:119:20)\n    at processTicksAndRejections (internal/process/task_queues.js:93:5)",
                "diff": null
              },
              "uuid": "56c25415-fb76-4db5-bc0d-3a190a31ac6c",
              "parentUUID": "7d44e150-eeb5-43fd-b71f-a0e9d1750ae7",
              "isHook": false,
              "skipped": false
            },
            {
              "title": "test case: assert image amount is 10",
              "fullTitle": "Testing Scholars Project test case: assert image amount is 10",
              "timedOut": false,
              "duration": 35,
              "state": "failed",
              "speed": null,
              "pass": false,
              "fail": true,
              "pending": false,
              "context": null,
              "code": "const images = await driver.findElements(By.css('img'));\nconst size = images.length\nassert.equal(size, 10, `Ensure all the images are present on the page`);",
              "err": {
                "message": "AssertionError: Ensure all the images are present on the page: expected 2 to equal 10",
                "estack": "AssertionError: Ensure all the images are present on the page: expected 2 to equal 10\n    at Context.<anonymous> (landing_page.js:125:20)\n    at processTicksAndRejections (internal/process/task_queues.js:93:5)",
                "diff": "- 2\n+ 10\n"
              },
              "uuid": "66c04b2a-1712-4e76-9b58-dc987a11831e",
              "parentUUID": "7d44e150-eeb5-43fd-b71f-a0e9d1750ae7",
              "isHook": false,
              "skipped": false
            }
          ],
          "suites": [],
          "passes": [],
          "failures": [
            "ab9039b7-8328-4642-adf9-fc64b15f359d",
            "44711d93-c587-4ae6-b8b9-6da86fced69d",
            "d4428684-6f02-42eb-a912-b4701dbc26b1",
            "28d28641-f9d4-4cab-9bdd-84e70cbab6f7",
            "2ecc8695-6792-4ed0-97d2-031b35afa004",
            "71fc67be-80fa-42c6-be66-3f0f497ac99f",
            "7723cfb5-d122-495d-bdff-6fca0063a95b",
            "764f515d-cb0b-470d-a981-31d424eb8741",
            "07221e3f-6158-4a88-b919-c291a948ab4b",
            "b302fbe1-a293-4674-9a5d-63534c910d44",
            "a69deeb7-61e5-49fb-8c2d-30a27893fe1e",
            "edc49bd3-102a-4f29-bf03-9e00e062f39f",
            "0d3942ac-6df3-4362-b87f-a204bb99da3b",
            "735920f0-3fa2-4fdb-a0e9-8a0a3f38fa96",
            "adab2737-5bb6-4785-8cc2-9af6ad864809",
            "fe9a6ad8-3d07-4e22-9c9e-3b51f3801967",
            "56c25415-fb76-4db5-bc0d-3a190a31ac6c",
            "66c04b2a-1712-4e76-9b58-dc987a11831e"
          ],
          "pending": [],
          "skipped": [],
          "duration": 820,
          "root": false,
          "rootEmpty": false,
          "_timeout": 180000
        }
      ],
      "passes": [],
      "failures": [],
      "pending": [],
      "skipped": [],
      "duration": 0,
      "root": true,
      "rootEmpty": true,
      "_timeout": 2000
    }
  ],
  "meta": {
    "mocha": {
      "version": "10.0.0"
    },
    "mochawesome": {
      "options": {
        "quiet": true,
        "reportFilename": "logfile",
        "saveHtml": true,
        "saveJson": true,
        "consoleReporter": "spec",
        "useInlineDiffs": false,
        "code": true
      },
      "version": "7.1.3"
    },
    "marge": {
      "options": {
        "reportDir": "C:/Users/HP/Desktop/Dufuna-CodeCamp-21/tests/landing_page/../..//tests/",
        "reportFilename": "logfile",
        "quiet": "true"
      },
      "version": "6.2.0"
    }
  }
}