<!doctype html>
<html lang="en"><head><meta charSet="utf-8"/><meta http-equiv="X-UA-Compatible" content="IE=edge"/><meta name="viewport" content="width=device-width, initial-scale=1"/><title>Mochawesome Report</title><link rel="stylesheet" href="assets\app.css"/></head><body data-raw="{&quot;stats&quot;:{&quot;suites&quot;:1,&quot;tests&quot;:18,&quot;passes&quot;:0,&quot;pending&quot;:0,&quot;failures&quot;:18,&quot;start&quot;:&quot;2022-07-27T15:26:22.437Z&quot;,&quot;end&quot;:&quot;2022-07-27T15:26:30.056Z&quot;,&quot;duration&quot;:7619,&quot;testsRegistered&quot;:18,&quot;passPercent&quot;:0,&quot;pendingPercent&quot;:0,&quot;other&quot;:0,&quot;hasOther&quot;:false,&quot;skipped&quot;:0,&quot;hasSkipped&quot;:false},&quot;results&quot;:[{&quot;uuid&quot;:&quot;ef843408-4c74-43f4-a784-f8659ab2293d&quot;,&quot;title&quot;:&quot;&quot;,&quot;fullFile&quot;:&quot;C:\\Users\\Tomiwa\\desktop\\Dufuna-CodeCamp-21\\tests\\landing_page\\landing_page.js&quot;,&quot;file&quot;:&quot;\\landing_page.js&quot;,&quot;beforeHooks&quot;:[],&quot;afterHooks&quot;:[],&quot;tests&quot;:[],&quot;suites&quot;:[{&quot;uuid&quot;:&quot;1a25cbd8-3b80-431e-9392-6110a563c9fe&quot;,&quot;title&quot;:&quot;Testing Scholars Project&quot;,&quot;fullFile&quot;:&quot;C:\\Users\\Tomiwa\\desktop\\Dufuna-CodeCamp-21\\tests\\landing_page\\landing_page.js&quot;,&quot;file&quot;:&quot;\\landing_page.js&quot;,&quot;beforeHooks&quot;:[{&quot;title&quot;:&quot;\&quot;before all\&quot; hook: setupWebdriver in \&quot;Testing Scholars Project\&quot;&quot;,&quot;fullTitle&quot;:&quot;Testing Scholars Project \&quot;before all\&quot; hook: setupWebdriver in \&quot;Testing Scholars Project\&quot;&quot;,&quot;timedOut&quot;:false,&quot;duration&quot;:6875,&quot;pass&quot;:false,&quot;fail&quot;:false,&quot;pending&quot;:false,&quot;code&quot;:&quot;var file_url = `file://${file_path}`;\ndriver.get(file_url).then(done);&quot;,&quot;err&quot;:{},&quot;uuid&quot;:&quot;b69d6a18-3f11-4fce-8cc7-76d3290f3bb2&quot;,&quot;parentUUID&quot;:&quot;1a25cbd8-3b80-431e-9392-6110a563c9fe&quot;,&quot;isHook&quot;:true,&quot;skipped&quot;:false}],&quot;afterHooks&quot;:[{&quot;title&quot;:&quot;\&quot;after all\&quot; hook in \&quot;Testing Scholars Project\&quot;&quot;,&quot;fullTitle&quot;:&quot;Testing Scholars Project \&quot;after all\&quot; hook in \&quot;Testing Scholars Project\&quot;&quot;,&quot;timedOut&quot;:false,&quot;duration&quot;:0,&quot;pass&quot;:false,&quot;fail&quot;:false,&quot;pending&quot;:false,&quot;code&quot;:&quot;driver.quit();&quot;,&quot;err&quot;:{},&quot;uuid&quot;:&quot;974f1469-0c18-4098-8b7e-81bfbde18610&quot;,&quot;parentUUID&quot;:&quot;1a25cbd8-3b80-431e-9392-6110a563c9fe&quot;,&quot;isHook&quot;:true,&quot;skipped&quot;:false}],&quot;tests&quot;:[{&quot;title&quot;:&quot;test case: FoodBag Logo is present&quot;,&quot;fullTitle&quot;:&quot;Testing Scholars Project test case: FoodBag Logo is present&quot;,&quot;timedOut&quot;:false,&quot;duration&quot;:87,&quot;state&quot;:&quot;failed&quot;,&quot;pass&quot;:false,&quot;fail&quot;:true,&quot;pending&quot;:false,&quot;code&quot;:&quot;const name = await driver.findElement(By.css(\&quot;body\&quot;));\nconst text = await name.getText();\nassert.include(text, \&quot;Food\&quot;, `Ensure \&quot;food bag\&quot; text is present on header`);&quot;,&quot;err&quot;:{&quot;message&quot;:&quot;AssertionError: Ensure \&quot;food bag\&quot; text is present on header: expected &#x27;Your file couldn’t be accessed\\nIt ma…&#x27; to include &#x27;Food&#x27;&quot;,&quot;estack&quot;:&quot;AssertionError: Ensure \&quot;food bag\&quot; text is present on header: expected &#x27;Your file couldn’t be accessed\\nIt ma…&#x27; to include &#x27;Food&#x27;\n    at Context.&lt;anonymous&gt; (landing_page.js:24:20)\n    at processTicksAndRejections (internal/process/task_queues.js:93:5)&quot;},&quot;uuid&quot;:&quot;704c0e98-4e09-4cdb-9780-7487917a6ab2&quot;,&quot;parentUUID&quot;:&quot;1a25cbd8-3b80-431e-9392-6110a563c9fe&quot;,&quot;isHook&quot;:false,&quot;skipped&quot;:false},{&quot;title&quot;:&quot;test case: FoodBag Logo is present&quot;,&quot;fullTitle&quot;:&quot;Testing Scholars Project test case: FoodBag Logo is present&quot;,&quot;timedOut&quot;:false,&quot;duration&quot;:41,&quot;state&quot;:&quot;failed&quot;,&quot;pass&quot;:false,&quot;fail&quot;:true,&quot;pending&quot;:false,&quot;code&quot;:&quot;const name = await driver.findElement(By.css(\&quot;body\&quot;));\nconst text = await name.getText();\nassert.include(text, \&quot;Bag\&quot;, `Ensure \&quot;food bag\&quot; text is present on header`);&quot;,&quot;err&quot;:{&quot;message&quot;:&quot;AssertionError: Ensure \&quot;food bag\&quot; text is present on header: expected &#x27;Your file couldn’t be accessed\\nIt ma…&#x27; to include &#x27;Bag&#x27;&quot;,&quot;estack&quot;:&quot;AssertionError: Ensure \&quot;food bag\&quot; text is present on header: expected &#x27;Your file couldn’t be accessed\\nIt ma…&#x27; to include &#x27;Bag&#x27;\n    at Context.&lt;anonymous&gt; (landing_page.js:30:20)\n    at processTicksAndRejections (internal/process/task_queues.js:93:5)&quot;},&quot;uuid&quot;:&quot;5a20b6a1-d997-4104-b371-2f2fc4fc6fd4&quot;,&quot;parentUUID&quot;:&quot;1a25cbd8-3b80-431e-9392-6110a563c9fe&quot;,&quot;isHook&quot;:false,&quot;skipped&quot;:false},{&quot;title&quot;:&quot;test case: FoodBag text is present on the page&quot;,&quot;fullTitle&quot;:&quot;Testing Scholars Project test case: FoodBag text is present on the page&quot;,&quot;timedOut&quot;:false,&quot;duration&quot;:46,&quot;state&quot;:&quot;failed&quot;,&quot;pass&quot;:false,&quot;fail&quot;:true,&quot;pending&quot;:false,&quot;code&quot;:&quot;const name = await driver.findElement(By.css(\&quot;body\&quot;));\nconst text = await name.getText();\nassert.include(text, \&quot;FoodBag\&quot;, `Ensure \&quot;FoodBag\&quot; text is present`);&quot;,&quot;err&quot;:{&quot;message&quot;:&quot;AssertionError: Ensure \&quot;FoodBag\&quot; text is present: expected &#x27;Your file couldn’t be accessed\\nIt ma…&#x27; to include &#x27;FoodBag&#x27;&quot;,&quot;estack&quot;:&quot;AssertionError: Ensure \&quot;FoodBag\&quot; text is present: expected &#x27;Your file couldn’t be accessed\\nIt ma…&#x27; to include &#x27;FoodBag&#x27;\n    at Context.&lt;anonymous&gt; (landing_page.js:36:20)\n    at processTicksAndRejections (internal/process/task_queues.js:93:5)&quot;},&quot;uuid&quot;:&quot;23cc57d8-9b59-4c5a-a382-9832ed0b6f35&quot;,&quot;parentUUID&quot;:&quot;1a25cbd8-3b80-431e-9392-6110a563c9fe&quot;,&quot;isHook&quot;:false,&quot;skipped&quot;:false},{&quot;title&quot;:&quot;test case: check Login&quot;,&quot;fullTitle&quot;:&quot;Testing Scholars Project test case: check Login&quot;,&quot;timedOut&quot;:false,&quot;duration&quot;:52,&quot;state&quot;:&quot;failed&quot;,&quot;pass&quot;:false,&quot;fail&quot;:true,&quot;pending&quot;:false,&quot;code&quot;:&quot;const element = await driver.findElement(By.css(\&quot;body\&quot;))\nconst text = await element.getText();\nassert.include(text, \&quot;Login\&quot;, \&quot;Ensure the `Login` link is present on the header\&quot;);&quot;,&quot;err&quot;:{&quot;message&quot;:&quot;AssertionError: Ensure the `Login` link is present on the header: expected &#x27;Your file couldn’t be accessed\\nIt ma…&#x27; to include &#x27;Login&#x27;&quot;,&quot;estack&quot;:&quot;AssertionError: Ensure the `Login` link is present on the header: expected &#x27;Your file couldn’t be accessed\\nIt ma…&#x27; to include &#x27;Login&#x27;\n    at Context.&lt;anonymous&gt; (landing_page.js:43:20)\n    at processTicksAndRejections (internal/process/task_queues.js:93:5)&quot;},&quot;uuid&quot;:&quot;a17c126f-8426-482d-875d-b4ecee3e11a4&quot;,&quot;parentUUID&quot;:&quot;1a25cbd8-3b80-431e-9392-6110a563c9fe&quot;,&quot;isHook&quot;:false,&quot;skipped&quot;:false},{&quot;title&quot;:&quot;test case: check Cart&quot;,&quot;fullTitle&quot;:&quot;Testing Scholars Project test case: check Cart&quot;,&quot;timedOut&quot;:false,&quot;duration&quot;:40,&quot;state&quot;:&quot;failed&quot;,&quot;pass&quot;:false,&quot;fail&quot;:true,&quot;pending&quot;:false,&quot;code&quot;:&quot;const element = await driver.findElement(By.css(\&quot;body\&quot;))\nconst text = await element.getText();\nassert.include(text, \&quot;Cart\&quot;, \&quot;Ensure the `Cart` link is present on the header\&quot;);&quot;,&quot;err&quot;:{&quot;message&quot;:&quot;AssertionError: Ensure the `Cart` link is present on the header: expected &#x27;Your file couldn’t be accessed\\nIt ma…&#x27; to include &#x27;Cart&#x27;&quot;,&quot;estack&quot;:&quot;AssertionError: Ensure the `Cart` link is present on the header: expected &#x27;Your file couldn’t be accessed\\nIt ma…&#x27; to include &#x27;Cart&#x27;\n    at Context.&lt;anonymous&gt; (landing_page.js:49:20)\n    at processTicksAndRejections (internal/process/task_queues.js:93:5)&quot;},&quot;uuid&quot;:&quot;703e9ee1-08da-4c0b-93d6-5b918e794144&quot;,&quot;parentUUID&quot;:&quot;1a25cbd8-3b80-431e-9392-6110a563c9fe&quot;,&quot;isHook&quot;:false,&quot;skipped&quot;:false},{&quot;title&quot;:&quot;test case: check Sign up&quot;,&quot;fullTitle&quot;:&quot;Testing Scholars Project test case: check Sign up&quot;,&quot;timedOut&quot;:false,&quot;duration&quot;:43,&quot;state&quot;:&quot;failed&quot;,&quot;pass&quot;:false,&quot;fail&quot;:true,&quot;pending&quot;:false,&quot;code&quot;:&quot;const element = await driver.findElement(By.css(\&quot;body\&quot;))\nconst text = await element.getText();\nassert.include(text, \&quot;Sign up\&quot;, \&quot;Ensure the `Sign up` link is present on the header\&quot;);&quot;,&quot;err&quot;:{&quot;message&quot;:&quot;AssertionError: Ensure the `Sign up` link is present on the header: expected &#x27;Your file couldn’t be accessed\\nIt ma…&#x27; to include &#x27;Sign up&#x27;&quot;,&quot;estack&quot;:&quot;AssertionError: Ensure the `Sign up` link is present on the header: expected &#x27;Your file couldn’t be accessed\\nIt ma…&#x27; to include &#x27;Sign up&#x27;\n    at Context.&lt;anonymous&gt; (landing_page.js:55:20)\n    at processTicksAndRejections (internal/process/task_queues.js:93:5)&quot;},&quot;uuid&quot;:&quot;f2e7995c-bcbe-4013-95dd-b29c93b1fdd6&quot;,&quot;parentUUID&quot;:&quot;1a25cbd8-3b80-431e-9392-6110a563c9fe&quot;,&quot;isHook&quot;:false,&quot;skipped&quot;:false},{&quot;title&quot;:&quot;test case: check service-descrption1&quot;,&quot;fullTitle&quot;:&quot;Testing Scholars Project test case: check service-descrption1&quot;,&quot;timedOut&quot;:false,&quot;duration&quot;:39,&quot;state&quot;:&quot;failed&quot;,&quot;pass&quot;:false,&quot;fail&quot;:true,&quot;pending&quot;:false,&quot;code&quot;:&quot;const element = await driver.findElement(By.css(\&quot;body\&quot;))\nconst text = await element.getText();\nassert.include(text, \&quot;Pick an interest\&quot;, \&quot;Ensure Quantity label is present\&quot;);&quot;,&quot;err&quot;:{&quot;message&quot;:&quot;AssertionError: Ensure Quantity label is present: expected &#x27;Your file couldn’t be accessed\\nIt ma…&#x27; to include &#x27;Pick an interest&#x27;&quot;,&quot;estack&quot;:&quot;AssertionError: Ensure Quantity label is present: expected &#x27;Your file couldn’t be accessed\\nIt ma…&#x27; to include &#x27;Pick an interest&#x27;\n    at Context.&lt;anonymous&gt; (landing_page.js:61:20)\n    at processTicksAndRejections (internal/process/task_queues.js:93:5)&quot;},&quot;uuid&quot;:&quot;c92ae2cf-7ceb-4d88-b6ce-96204621af04&quot;,&quot;parentUUID&quot;:&quot;1a25cbd8-3b80-431e-9392-6110a563c9fe&quot;,&quot;isHook&quot;:false,&quot;skipped&quot;:false},{&quot;title&quot;:&quot;test case: check service-description2&quot;,&quot;fullTitle&quot;:&quot;Testing Scholars Project test case: check service-description2&quot;,&quot;timedOut&quot;:false,&quot;duration&quot;:43,&quot;state&quot;:&quot;failed&quot;,&quot;pass&quot;:false,&quot;fail&quot;:true,&quot;pending&quot;:false,&quot;code&quot;:&quot;const element = await driver.findElement(By.css(\&quot;body\&quot;))\nconst text = await element.getText();\nassert.include(text, \&quot;How we serve you\&quot;, \&quot;Ensure you have the appropriate text for the service\&quot;);&quot;,&quot;err&quot;:{&quot;message&quot;:&quot;AssertionError: Ensure you have the appropriate text for the service: expected &#x27;Your file couldn’t be accessed\\nIt ma…&#x27; to include &#x27;How we serve you&#x27;&quot;,&quot;estack&quot;:&quot;AssertionError: Ensure you have the appropriate text for the service: expected &#x27;Your file couldn’t be accessed\\nIt ma…&#x27; to include &#x27;How we serve you&#x27;\n    at Context.&lt;anonymous&gt; (landing_page.js:67:20)\n    at processTicksAndRejections (internal/process/task_queues.js:93:5)&quot;},&quot;uuid&quot;:&quot;ad1d9a13-8ccd-440d-8d50-c9b5e3e25661&quot;,&quot;parentUUID&quot;:&quot;1a25cbd8-3b80-431e-9392-6110a563c9fe&quot;,&quot;isHook&quot;:false,&quot;skipped&quot;:false},{&quot;title&quot;:&quot;test case: check service title-1&quot;,&quot;fullTitle&quot;:&quot;Testing Scholars Project test case: check service title-1&quot;,&quot;timedOut&quot;:false,&quot;duration&quot;:41,&quot;state&quot;:&quot;failed&quot;,&quot;pass&quot;:false,&quot;fail&quot;:true,&quot;pending&quot;:false,&quot;code&quot;:&quot;const element = await driver.findElement(By.css(\&quot;body\&quot;))\nconst text = await element.getText();\nassert.include(text, \&quot;Tell us where you are\&quot;, \&quot;Ensure you have the appropriate text for the service\&quot;);&quot;,&quot;err&quot;:{&quot;message&quot;:&quot;AssertionError: Ensure you have the appropriate text for the service: expected &#x27;Your file couldn’t be accessed\\nIt ma…&#x27; to include &#x27;Tell us where you are&#x27;&quot;,&quot;estack&quot;:&quot;AssertionError: Ensure you have the appropriate text for the service: expected &#x27;Your file couldn’t be accessed\\nIt ma…&#x27; to include &#x27;Tell us where you are&#x27;\n    at Context.&lt;anonymous&gt; (landing_page.js:73:20)\n    at processTicksAndRejections (internal/process/task_queues.js:93:5)&quot;},&quot;uuid&quot;:&quot;36cbb9e6-78b2-49dc-b80d-30fe412f12df&quot;,&quot;parentUUID&quot;:&quot;1a25cbd8-3b80-431e-9392-6110a563c9fe&quot;,&quot;isHook&quot;:false,&quot;skipped&quot;:false},{&quot;title&quot;:&quot;test case: check service-title-2&quot;,&quot;fullTitle&quot;:&quot;Testing Scholars Project test case: check service-title-2&quot;,&quot;timedOut&quot;:false,&quot;duration&quot;:45,&quot;state&quot;:&quot;failed&quot;,&quot;pass&quot;:false,&quot;fail&quot;:true,&quot;pending&quot;:false,&quot;code&quot;:&quot;const element = await driver.findElement(By.css(\&quot;body\&quot;))\nconst text = await element.getText();\nassert.include(text, \&quot;Tell us what you want\&quot;, \&quot;Ensure you have the appropriate text for the service\&quot;);&quot;,&quot;err&quot;:{&quot;message&quot;:&quot;AssertionError: Ensure you have the appropriate text for the service: expected &#x27;Your file couldn’t be accessed\\nIt ma…&#x27; to include &#x27;Tell us what you want&#x27;&quot;,&quot;estack&quot;:&quot;AssertionError: Ensure you have the appropriate text for the service: expected &#x27;Your file couldn’t be accessed\\nIt ma…&#x27; to include &#x27;Tell us what you want&#x27;\n    at Context.&lt;anonymous&gt; (landing_page.js:79:20)\n    at processTicksAndRejections (internal/process/task_queues.js:93:5)&quot;},&quot;uuid&quot;:&quot;881db1b2-7828-49e5-9eb7-1dc9f3e7c676&quot;,&quot;parentUUID&quot;:&quot;1a25cbd8-3b80-431e-9392-6110a563c9fe&quot;,&quot;isHook&quot;:false,&quot;skipped&quot;:false},{&quot;title&quot;:&quot;test case: check service-title-3&quot;,&quot;fullTitle&quot;:&quot;Testing Scholars Project test case: check service-title-3&quot;,&quot;timedOut&quot;:false,&quot;duration&quot;:42,&quot;state&quot;:&quot;failed&quot;,&quot;pass&quot;:false,&quot;fail&quot;:true,&quot;pending&quot;:false,&quot;code&quot;:&quot;const element = await driver.findElement(By.css(\&quot;body\&quot;))\nconst text = await element.getText();\nassert.include(text, \&quot;We&#x27;ll come running\&quot;, \&quot;Ensure you have the appropriate text for the service\&quot;);&quot;,&quot;err&quot;:{&quot;message&quot;:&quot;AssertionError: Ensure you have the appropriate text for the service: expected &#x27;Your file couldn’t be accessed\\nIt ma…&#x27; to include &#x27;We\\&#x27;ll come running&#x27;&quot;,&quot;estack&quot;:&quot;AssertionError: Ensure you have the appropriate text for the service: expected &#x27;Your file couldn’t be accessed\\nIt ma…&#x27; to include &#x27;We\\&#x27;ll come running&#x27;\n    at Context.&lt;anonymous&gt; (landing_page.js:85:20)\n    at processTicksAndRejections (internal/process/task_queues.js:93:5)&quot;},&quot;uuid&quot;:&quot;7a0f9b22-fe74-4271-a0ad-c052d583d6e7&quot;,&quot;parentUUID&quot;:&quot;1a25cbd8-3b80-431e-9392-6110a563c9fe&quot;,&quot;isHook&quot;:false,&quot;skipped&quot;:false},{&quot;title&quot;:&quot;test case: check footer&quot;,&quot;fullTitle&quot;:&quot;Testing Scholars Project test case: check footer&quot;,&quot;timedOut&quot;:false,&quot;duration&quot;:28,&quot;state&quot;:&quot;failed&quot;,&quot;pass&quot;:false,&quot;fail&quot;:true,&quot;pending&quot;:false,&quot;code&quot;:&quot;const element = await driver.findElement(By.css(\&quot;footer\&quot;))\nconst text = await element.getText();\nassert.include(text, \&quot;Contact us\&quot;, \&quot;Ensure you have the appropriate text as seen on the mock-up\&quot;);&quot;,&quot;err&quot;:{&quot;message&quot;:&quot;NoSuchElementError: no such element: Unable to locate element: {\&quot;method\&quot;:\&quot;css selector\&quot;,\&quot;selector\&quot;:\&quot;footer\&quot;}\n  (Session info: chrome=103.0.5060.134)&quot;,&quot;estack&quot;:&quot;NoSuchElementError: no such element: Unable to locate element: {\&quot;method\&quot;:\&quot;css selector\&quot;,\&quot;selector\&quot;:\&quot;footer\&quot;}\n  (Session info: chrome=103.0.5060.134)\n    at Object.throwDecodedError (C:\\Users\\Tomiwa\\desktop\\Dufuna-CodeCamp-21\\node_modules\\selenium-webdriver\\lib\\error.js:522:15)\n    at parseHttpResponse (C:\\Users\\Tomiwa\\desktop\\Dufuna-CodeCamp-21\\node_modules\\selenium-webdriver\\lib\\http.js:589:13)\n    at Executor.execute (C:\\Users\\Tomiwa\\desktop\\Dufuna-CodeCamp-21\\node_modules\\selenium-webdriver\\lib\\http.js:514:28)\n    at processTicksAndRejections (internal/process/task_queues.js:93:5)\n    at async thenableWebDriverProxy.execute (C:\\Users\\Tomiwa\\desktop\\Dufuna-CodeCamp-21\\node_modules\\selenium-webdriver\\lib\\webdriver.js:740:17)\n    at async Context.&lt;anonymous&gt; (landing_page.js:89:29)&quot;},&quot;uuid&quot;:&quot;1a2dca93-572c-4b5c-a944-d683ad94e280&quot;,&quot;parentUUID&quot;:&quot;1a25cbd8-3b80-431e-9392-6110a563c9fe&quot;,&quot;isHook&quot;:false,&quot;skipped&quot;:false},{&quot;title&quot;:&quot;test case: check terms &amp; conditions on footer&quot;,&quot;fullTitle&quot;:&quot;Testing Scholars Project test case: check terms &amp; conditions on footer&quot;,&quot;timedOut&quot;:false,&quot;duration&quot;:21,&quot;state&quot;:&quot;failed&quot;,&quot;pass&quot;:false,&quot;fail&quot;:true,&quot;pending&quot;:false,&quot;code&quot;:&quot;const element = await driver.findElement(By.css(\&quot;footer\&quot;))\nconst text = await element.getText();\nassert.include(text, \&quot;Terms &amp; Conditions . Privacy Policy\&quot;, \&quot;Ensure the texts on the footer is properly formated\&quot;);&quot;,&quot;err&quot;:{&quot;message&quot;:&quot;NoSuchElementError: no such element: Unable to locate element: {\&quot;method\&quot;:\&quot;css selector\&quot;,\&quot;selector\&quot;:\&quot;footer\&quot;}\n  (Session info: chrome=103.0.5060.134)&quot;,&quot;estack&quot;:&quot;NoSuchElementError: no such element: Unable to locate element: {\&quot;method\&quot;:\&quot;css selector\&quot;,\&quot;selector\&quot;:\&quot;footer\&quot;}\n  (Session info: chrome=103.0.5060.134)\n    at Object.throwDecodedError (C:\\Users\\Tomiwa\\desktop\\Dufuna-CodeCamp-21\\node_modules\\selenium-webdriver\\lib\\error.js:522:15)\n    at parseHttpResponse (C:\\Users\\Tomiwa\\desktop\\Dufuna-CodeCamp-21\\node_modules\\selenium-webdriver\\lib\\http.js:589:13)\n    at Executor.execute (C:\\Users\\Tomiwa\\desktop\\Dufuna-CodeCamp-21\\node_modules\\selenium-webdriver\\lib\\http.js:514:28)\n    at processTicksAndRejections (internal/process/task_queues.js:93:5)\n    at async thenableWebDriverProxy.execute (C:\\Users\\Tomiwa\\desktop\\Dufuna-CodeCamp-21\\node_modules\\selenium-webdriver\\lib\\webdriver.js:740:17)\n    at async Context.&lt;anonymous&gt; (landing_page.js:95:29)&quot;},&quot;uuid&quot;:&quot;be4fbfb3-2de5-427f-a080-b8c8c8c588d1&quot;,&quot;parentUUID&quot;:&quot;1a25cbd8-3b80-431e-9392-6110a563c9fe&quot;,&quot;isHook&quot;:false,&quot;skipped&quot;:false},{&quot;title&quot;:&quot;test case: check copyright on footer&quot;,&quot;fullTitle&quot;:&quot;Testing Scholars Project test case: check copyright on footer&quot;,&quot;timedOut&quot;:false,&quot;duration&quot;:22,&quot;state&quot;:&quot;failed&quot;,&quot;pass&quot;:false,&quot;fail&quot;:true,&quot;pending&quot;:false,&quot;code&quot;:&quot;const element = await driver.findElement(By.css(\&quot;footer\&quot;))\nconst text = await element.getText();\nassert.include(text, \&quot;Copyright 2021 FoodBag is a registered trademark\&quot;, \&quot;Ensure you have the appropriate text as seen on the mock-up\&quot;);&quot;,&quot;err&quot;:{&quot;message&quot;:&quot;NoSuchElementError: no such element: Unable to locate element: {\&quot;method\&quot;:\&quot;css selector\&quot;,\&quot;selector\&quot;:\&quot;footer\&quot;}\n  (Session info: chrome=103.0.5060.134)&quot;,&quot;estack&quot;:&quot;NoSuchElementError: no such element: Unable to locate element: {\&quot;method\&quot;:\&quot;css selector\&quot;,\&quot;selector\&quot;:\&quot;footer\&quot;}\n  (Session info: chrome=103.0.5060.134)\n    at Object.throwDecodedError (C:\\Users\\Tomiwa\\desktop\\Dufuna-CodeCamp-21\\node_modules\\selenium-webdriver\\lib\\error.js:522:15)\n    at parseHttpResponse (C:\\Users\\Tomiwa\\desktop\\Dufuna-CodeCamp-21\\node_modules\\selenium-webdriver\\lib\\http.js:589:13)\n    at Executor.execute (C:\\Users\\Tomiwa\\desktop\\Dufuna-CodeCamp-21\\node_modules\\selenium-webdriver\\lib\\http.js:514:28)\n    at processTicksAndRejections (internal/process/task_queues.js:93:5)\n    at async thenableWebDriverProxy.execute (C:\\Users\\Tomiwa\\desktop\\Dufuna-CodeCamp-21\\node_modules\\selenium-webdriver\\lib\\webdriver.js:740:17)\n    at async Context.&lt;anonymous&gt; (landing_page.js:101:29)&quot;},&quot;uuid&quot;:&quot;1d27e88d-dbf7-427c-ae15-1e07b8fa4bb7&quot;,&quot;parentUUID&quot;:&quot;1a25cbd8-3b80-431e-9392-6110a563c9fe&quot;,&quot;isHook&quot;:false,&quot;skipped&quot;:false},{&quot;title&quot;:&quot;test case: check input field&quot;,&quot;fullTitle&quot;:&quot;Testing Scholars Project test case: check input field&quot;,&quot;timedOut&quot;:false,&quot;duration&quot;:28,&quot;state&quot;:&quot;failed&quot;,&quot;pass&quot;:false,&quot;fail&quot;:true,&quot;pending&quot;:false,&quot;code&quot;:&quot;const input = await driver.findElements(By.css(&#x27;input&#x27;));\nconst size = input.length\nassert.equal(size, 1, `Ensure you have the input field as seen in the mock-up`);&quot;,&quot;err&quot;:{&quot;message&quot;:&quot;AssertionError: Ensure you have the input field as seen in the mock-up: expected +0 to equal 1&quot;,&quot;estack&quot;:&quot;AssertionError: Ensure you have the input field as seen in the mock-up: expected +0 to equal 1\n    at Context.&lt;anonymous&gt; (landing_page.js:109:20)\n    at processTicksAndRejections (internal/process/task_queues.js:93:5)&quot;,&quot;diff&quot;:&quot;- 0\n+ 1\n&quot;},&quot;uuid&quot;:&quot;f8ea9bae-2555-4830-a61d-5200af63d8ee&quot;,&quot;parentUUID&quot;:&quot;1a25cbd8-3b80-431e-9392-6110a563c9fe&quot;,&quot;isHook&quot;:false,&quot;skipped&quot;:false},{&quot;title&quot;:&quot;test case: check placeholder&quot;,&quot;fullTitle&quot;:&quot;Testing Scholars Project test case: check placeholder&quot;,&quot;timedOut&quot;:false,&quot;duration&quot;:26,&quot;state&quot;:&quot;failed&quot;,&quot;pass&quot;:false,&quot;fail&quot;:true,&quot;pending&quot;:false,&quot;code&quot;:&quot;const element = await driver.findElement(By.css(&#x27;input&#x27;)).getAttribute(&#x27;placeholder&#x27;);\nassert.equal(element, \&quot;Enter your delivery address\&quot;, `Ensure you have the placeholder as seen in the mock-up`);&quot;,&quot;err&quot;:{&quot;message&quot;:&quot;NoSuchElementError: no such element: Unable to locate element: {\&quot;method\&quot;:\&quot;css selector\&quot;,\&quot;selector\&quot;:\&quot;input\&quot;}\n  (Session info: chrome=103.0.5060.134)&quot;,&quot;estack&quot;:&quot;NoSuchElementError: no such element: Unable to locate element: {\&quot;method\&quot;:\&quot;css selector\&quot;,\&quot;selector\&quot;:\&quot;input\&quot;}\n  (Session info: chrome=103.0.5060.134)\n    at Object.throwDecodedError (C:\\Users\\Tomiwa\\desktop\\Dufuna-CodeCamp-21\\node_modules\\selenium-webdriver\\lib\\error.js:522:15)\n    at parseHttpResponse (C:\\Users\\Tomiwa\\desktop\\Dufuna-CodeCamp-21\\node_modules\\selenium-webdriver\\lib\\http.js:589:13)\n    at Executor.execute (C:\\Users\\Tomiwa\\desktop\\Dufuna-CodeCamp-21\\node_modules\\selenium-webdriver\\lib\\http.js:514:28)\n    at processTicksAndRejections (internal/process/task_queues.js:93:5)\n    at async thenableWebDriverProxy.execute (C:\\Users\\Tomiwa\\desktop\\Dufuna-CodeCamp-21\\node_modules\\selenium-webdriver\\lib\\webdriver.js:740:17)\n    at async toWireValue (C:\\Users\\Tomiwa\\desktop\\Dufuna-CodeCamp-21\\node_modules\\selenium-webdriver\\lib\\webdriver.js:141:15)\n    at async C:\\Users\\Tomiwa\\desktop\\Dufuna-CodeCamp-21\\node_modules\\selenium-webdriver\\lib\\webdriver.js:191:16\n    at async forEachKey (C:\\Users\\Tomiwa\\desktop\\Dufuna-CodeCamp-21\\node_modules\\selenium-webdriver\\lib\\webdriver.js:185:9)\n    at async convertKeys (C:\\Users\\Tomiwa\\desktop\\Dufuna-CodeCamp-21\\node_modules\\selenium-webdriver\\lib\\webdriver.js:190:3)\n    at async thenableWebDriverProxy.execute (C:\\Users\\Tomiwa\\desktop\\Dufuna-CodeCamp-21\\node_modules\\selenium-webdriver\\lib\\webdriver.js:738:22)\n    at async Context.&lt;anonymous&gt; (landing_page.js:113:29)&quot;},&quot;uuid&quot;:&quot;e1d0efb6-3ddc-43de-bf65-5a27c67032e6&quot;,&quot;parentUUID&quot;:&quot;1a25cbd8-3b80-431e-9392-6110a563c9fe&quot;,&quot;isHook&quot;:false,&quot;skipped&quot;:false},{&quot;title&quot;:&quot;test case: check label of input-field&quot;,&quot;fullTitle&quot;:&quot;Testing Scholars Project test case: check label of input-field&quot;,&quot;timedOut&quot;:false,&quot;duration&quot;:42,&quot;state&quot;:&quot;failed&quot;,&quot;pass&quot;:false,&quot;fail&quot;:true,&quot;pending&quot;:false,&quot;code&quot;:&quot;const element = await driver.findElement(By.css(&#x27;body&#x27;)).getText();\nassert.include(element, \&quot;Where are you?\&quot;, `Ensure you have the input field as the appropriate label as seen in the mock-up`);&quot;,&quot;err&quot;:{&quot;message&quot;:&quot;AssertionError: Ensure you have the input field as the appropriate label as seen in the mock-up: expected &#x27;Your file couldn’t be accessed\\nIt ma…&#x27; to include &#x27;Where are you?&#x27;&quot;,&quot;estack&quot;:&quot;AssertionError: Ensure you have the input field as the appropriate label as seen in the mock-up: expected &#x27;Your file couldn’t be accessed\\nIt ma…&#x27; to include &#x27;Where are you?&#x27;\n    at Context.&lt;anonymous&gt; (landing_page.js:119:20)\n    at processTicksAndRejections (internal/process/task_queues.js:93:5)&quot;},&quot;uuid&quot;:&quot;0ce5d1a0-1de2-444f-9a74-c43606bd3804&quot;,&quot;parentUUID&quot;:&quot;1a25cbd8-3b80-431e-9392-6110a563c9fe&quot;,&quot;isHook&quot;:false,&quot;skipped&quot;:false},{&quot;title&quot;:&quot;test case: assert image amount is 10&quot;,&quot;fullTitle&quot;:&quot;Testing Scholars Project test case: assert image amount is 10&quot;,&quot;timedOut&quot;:false,&quot;duration&quot;:26,&quot;state&quot;:&quot;failed&quot;,&quot;pass&quot;:false,&quot;fail&quot;:true,&quot;pending&quot;:false,&quot;code&quot;:&quot;const images = await driver.findElements(By.css(&#x27;img&#x27;));\nconst size = images.length\nassert.equal(size, 10, `Ensure all the images are present on the page`);&quot;,&quot;err&quot;:{&quot;message&quot;:&quot;AssertionError: Ensure all the images are present on the page: expected 2 to equal 10&quot;,&quot;estack&quot;:&quot;AssertionError: Ensure all the images are present on the page: expected 2 to equal 10\n    at Context.&lt;anonymous&gt; (landing_page.js:125:20)\n    at processTicksAndRejections (internal/process/task_queues.js:93:5)&quot;,&quot;diff&quot;:&quot;- 2\n+ 10\n&quot;},&quot;uuid&quot;:&quot;3c4247fb-2301-4575-be29-c4ff91fa47eb&quot;,&quot;parentUUID&quot;:&quot;1a25cbd8-3b80-431e-9392-6110a563c9fe&quot;,&quot;isHook&quot;:false,&quot;skipped&quot;:false}],&quot;suites&quot;:[],&quot;passes&quot;:[],&quot;failures&quot;:[&quot;704c0e98-4e09-4cdb-9780-7487917a6ab2&quot;,&quot;5a20b6a1-d997-4104-b371-2f2fc4fc6fd4&quot;,&quot;23cc57d8-9b59-4c5a-a382-9832ed0b6f35&quot;,&quot;a17c126f-8426-482d-875d-b4ecee3e11a4&quot;,&quot;703e9ee1-08da-4c0b-93d6-5b918e794144&quot;,&quot;f2e7995c-bcbe-4013-95dd-b29c93b1fdd6&quot;,&quot;c92ae2cf-7ceb-4d88-b6ce-96204621af04&quot;,&quot;ad1d9a13-8ccd-440d-8d50-c9b5e3e25661&quot;,&quot;36cbb9e6-78b2-49dc-b80d-30fe412f12df&quot;,&quot;881db1b2-7828-49e5-9eb7-1dc9f3e7c676&quot;,&quot;7a0f9b22-fe74-4271-a0ad-c052d583d6e7&quot;,&quot;1a2dca93-572c-4b5c-a944-d683ad94e280&quot;,&quot;be4fbfb3-2de5-427f-a080-b8c8c8c588d1&quot;,&quot;1d27e88d-dbf7-427c-ae15-1e07b8fa4bb7&quot;,&quot;f8ea9bae-2555-4830-a61d-5200af63d8ee&quot;,&quot;e1d0efb6-3ddc-43de-bf65-5a27c67032e6&quot;,&quot;0ce5d1a0-1de2-444f-9a74-c43606bd3804&quot;,&quot;3c4247fb-2301-4575-be29-c4ff91fa47eb&quot;],&quot;pending&quot;:[],&quot;skipped&quot;:[],&quot;duration&quot;:712,&quot;root&quot;:false,&quot;rootEmpty&quot;:false,&quot;_timeout&quot;:180000}],&quot;passes&quot;:[],&quot;failures&quot;:[],&quot;pending&quot;:[],&quot;skipped&quot;:[],&quot;duration&quot;:0,&quot;root&quot;:true,&quot;rootEmpty&quot;:true,&quot;_timeout&quot;:2000}],&quot;meta&quot;:{&quot;mocha&quot;:{&quot;version&quot;:&quot;10.0.0&quot;},&quot;mochawesome&quot;:{&quot;options&quot;:{&quot;quiet&quot;:true,&quot;reportFilename&quot;:&quot;logfile&quot;,&quot;saveHtml&quot;:true,&quot;saveJson&quot;:true,&quot;consoleReporter&quot;:&quot;spec&quot;,&quot;useInlineDiffs&quot;:false,&quot;code&quot;:true},&quot;version&quot;:&quot;7.1.3&quot;},&quot;marge&quot;:{&quot;options&quot;:{&quot;reportDir&quot;:&quot;C:/Users/Tomiwa/desktop/Dufuna-CodeCamp-21/tests/landing_page/../..//tests/&quot;,&quot;reportFilename&quot;:&quot;logfile&quot;,&quot;quiet&quot;:&quot;true&quot;},&quot;version&quot;:&quot;6.2.0&quot;}}}" data-config="{&quot;reportFilename&quot;:&quot;logfile&quot;,&quot;reportDir&quot;:&quot;C:/Users/Tomiwa/desktop/Dufuna-CodeCamp-21/tests/landing_page/../..//tests/&quot;,&quot;reportTitle&quot;:&quot;landing_page&quot;,&quot;reportPageTitle&quot;:&quot;Mochawesome Report&quot;,&quot;inline&quot;:false,&quot;inlineAssets&quot;:false,&quot;cdn&quot;:false,&quot;charts&quot;:false,&quot;enableCharts&quot;:false,&quot;code&quot;:true,&quot;enableCode&quot;:true,&quot;autoOpen&quot;:false,&quot;overwrite&quot;:true,&quot;timestamp&quot;:false,&quot;ts&quot;:false,&quot;showPassed&quot;:true,&quot;showFailed&quot;:true,&quot;showPending&quot;:true,&quot;showSkipped&quot;:false,&quot;showHooks&quot;:&quot;failed&quot;,&quot;saveJson&quot;:true,&quot;saveHtml&quot;:true,&quot;dev&quot;:false,&quot;assetsDir&quot;:&quot;C:\\Users\\Tomiwa\\desktop\\Dufuna-CodeCamp-21\\tests\\assets&quot;,&quot;jsonFile&quot;:&quot;C:\\Users\\Tomiwa\\desktop\\Dufuna-CodeCamp-21\\tests\\logfile.json&quot;,&quot;htmlFile&quot;:&quot;C:\\Users\\Tomiwa\\desktop\\Dufuna-CodeCamp-21\\tests\\logfile.html&quot;}"><div id="report"></div><script src="assets\app.js"></script></body></html>